0 silly argv {
0 silly argv   _: [ 'run' ],
0 silly argv   parallel: true,
0 silly argv   lernaVersion: '3.22.1',
0 silly argv   '$0': '/Users/cllewellyn/Code/Apollos_apps/node_modules/.bin/lerna',
0 silly argv   script: 'start:dev'
0 silly argv }
1 notice cli v3.22.1
2 verbose rootPath /Users/cllewellyn/Code/Apollos_apps
3 info Executing command in 2 packages: "npm run start:dev"
4 silly npmRunScript.stream [ 'start:dev', [], 'apollos-church-api' ]
5 silly getExecOpts /Users/cllewellyn/Code/Apollos_apps/apollos-church-api undefined
6 silly npmRunScript.stream [ 'start:dev', [], 'crossings' ]
7 silly getExecOpts /Users/cllewellyn/Code/Apollos_apps/apolloschurchapp undefined
8 error MaxBufferError: stdout maxBuffer exceeded
8 error     at PassThrough.<anonymous> (/Users/cllewellyn/Code/Apollos_apps/node_modules/lerna/node_modules/get-stream/index.js:41:19)
8 error     at PassThrough.emit (node:events:402:35)
8 error     at addChunk (node:internal/streams/readable:315:12)
8 error     at readableAddChunk (node:internal/streams/readable:285:11)
8 error     at PassThrough.Readable.push (node:internal/streams/readable:228:10)
8 error     at node:internal/streams/transform:192:12
8 error     at PassThrough._transform (node:internal/streams/passthrough:46:3)
8 error     at PassThrough.Transform._write (node:internal/streams/transform:184:23)
8 error     at writeOrBuffer (node:internal/streams/writable:389:12)
